This file contains any messages produced by compilers while
running configure, to aid debugging if configure makes a mistake.

It was created by configure, which was
generated by GNU Autoconf 2.69.  Invocation command line was

  $ ./configure --host=arm-linux --prefix=/home/dever/Works/NUC97X_CODIEA/2.MIDKIT/output --disable-xmlto --disable-alsamixer

## --------- ##
## Platform. ##
## --------- ##

hostname = devpc
uname -m = x86_64
uname -r = 3.5.0-23-generic
uname -s = Linux
uname -v = #35~precise1-Ubuntu SMP Fri Jan 25 17:13:26 UTC 2013

/usr/bin/uname -p = unknown
/bin/uname -X     = unknown

/bin/arch              = unknown
/usr/bin/arch -k       = unknown
/usr/convex/getsysinfo = unknown
/usr/bin/hostinfo      = unknown
/bin/machine           = unknown
/usr/bin/oslevel       = unknown
/bin/universe          = unknown

PATH: /usr/lib/lightdm/lightdm
PATH: /usr/local/sbin
PATH: /usr/local/bin
PATH: /usr/sbin
PATH: /usr/bin
PATH: /sbin
PATH: /bin
PATH: /usr/games
PATH: /home/dever/bin
PATH: /home/dever/Works/NUC97X_CODIEA/0.GCCKIT/armgcc/bin


## ----------- ##
## Core tests. ##
## ----------- ##

configure:2191: checking for a BSD-compatible install
configure:2259: result: /usr/bin/install -c
configure:2270: checking whether build environment is sane
configure:2307: result: yes
configure:2369: checking for gawk
configure:2385: found /usr/bin/gawk
configure:2396: result: gawk
configure:2407: checking whether make sets $(MAKE)
configure:2429: result: yes
configure:2503: checking for arm-linux-strip
configure:2519: found /home/dever/Works/NUC97X_CODIEA/0.GCCKIT/armgcc/bin/arm-linux-strip
configure:2530: result: arm-linux-strip
configure:2609: checking whether NLS is requested
configure:2618: result: yes
configure:2656: checking for msgfmt
configure: trying /usr/bin/msgfmt...
0 translated messages.
configure:2688: result: /usr/bin/msgfmt
configure:2697: checking for gmsgfmt
configure:2728: result: /usr/bin/msgfmt
configure:2779: checking for xgettext
configure: trying /usr/bin/xgettext...
/usr/bin/xgettext: warning: file `/dev/null' extension `' is unknown; will try C
configure:2811: result: /usr/bin/xgettext
configure:2857: checking for msgmerge
configure: trying /usr/bin/msgmerge...
configure:2888: result: /usr/bin/msgmerge
configure:2930: checking for style of include used by make
configure:2958: result: GNU
configure:2991: checking for arm-linux-gcc
configure:3018: result: arm-linux-gcc
configure:3287: checking for C compiler version
configure:3296: arm-linux-gcc --version >&5
arm-linux-gcc (GCC) 4.8.4
Copyright (C) 2013 Free Software Foundation, Inc.
This is free software; see the source for copying conditions.  There is NO
warranty; not even for MERCHANTABILITY or FITNESS FOR A PARTICULAR PURPOSE.

configure:3307: $? = 0
configure:3296: arm-linux-gcc -v >&5
Using built-in specs.
COLLECT_GCC=arm-linux-gcc
COLLECT_LTO_WRAPPER=/home/dever/Works/NUC97X_CODIEA/0.GCCKIT/arm_linux_4.8/bin/../libexec/gcc/arm-nuvoton-linux-uclibceabi/4.8.4/lto-wrapper
Target: arm-nuvoton-linux-uclibceabi
Configured with: ../configure --prefix=/usr/local/arm_linux_4.8 --target=arm-nuvoton-linux-uclibceabi --enable-static --disable-__cxa_atexit --with-gnu-ld --disable-libssp --disable-multilib --enable-target-optspace --disable-libsanitizer --enable-tls --disable-libmudflap --enable-threads --without-isl --without-cloog --with-float=soft --disable-decimal-float --with-abi=aapcs-linux --with-cpu=arm926ej-s --with-float=soft --with-mode=arm --enable-languages=c,c++ --enable-poison-system-directories --enable-shared --disable-libgomp --with-sysroot=/usr/local/arm_linux_4.8 --with-build-time-tools=/usr/local/arm_linux_4.8/arm-nuvoton-linux-uclibceabi/bin --enable-shared
Thread model: posix
gcc version 4.8.4 (GCC) 
configure:3307: $? = 0
configure:3296: arm-linux-gcc -V >&5
arm-linux-gcc: error: unrecognized command line option '-V'
arm-linux-gcc: fatal error: no input files
compilation terminated.
configure:3307: $? = 1
configure:3296: arm-linux-gcc -qversion >&5
arm-linux-gcc: error: unrecognized command line option '-qversion'
arm-linux-gcc: fatal error: no input files
compilation terminated.
configure:3307: $? = 1
configure:3327: checking whether the C compiler works
configure:3349: arm-linux-gcc -I/home/dever/Works/NUC97X_CODIEA/2.MIDKIT/output/include  -L/home/dever/Works/NUC97X_CODIEA/2.MIDKIT/output/lib conftest.c  >&5
configure:3353: $? = 0
configure:3401: result: yes
configure:3404: checking for C compiler default output file name
configure:3406: result: a.out
configure:3412: checking for suffix of executables
configure:3419: arm-linux-gcc -o conftest -I/home/dever/Works/NUC97X_CODIEA/2.MIDKIT/output/include  -L/home/dever/Works/NUC97X_CODIEA/2.MIDKIT/output/lib conftest.c  >&5
configure:3423: $? = 0
configure:3445: result: 
configure:3467: checking whether we are cross compiling
configure:3475: arm-linux-gcc -o conftest -I/home/dever/Works/NUC97X_CODIEA/2.MIDKIT/output/include  -L/home/dever/Works/NUC97X_CODIEA/2.MIDKIT/output/lib conftest.c  >&5
configure:3479: $? = 0
configure:3486: ./conftest
./configure: line 3488: ./conftest: cannot execute binary file
configure:3490: $? = 126
configure:3505: result: yes
configure:3510: checking for suffix of object files
configure:3532: arm-linux-gcc -c -I/home/dever/Works/NUC97X_CODIEA/2.MIDKIT/output/include  conftest.c >&5
configure:3536: $? = 0
configure:3557: result: o
configure:3561: checking whether we are using the GNU C compiler
configure:3580: arm-linux-gcc -c -I/home/dever/Works/NUC97X_CODIEA/2.MIDKIT/output/include  conftest.c >&5
configure:3580: $? = 0
configure:3589: result: yes
configure:3598: checking whether arm-linux-gcc accepts -g
configure:3618: arm-linux-gcc -c -g  conftest.c >&5
configure:3618: $? = 0
configure:3659: result: yes
configure:3676: checking for arm-linux-gcc option to accept ISO C89
configure:3739: arm-linux-gcc  -c -I/home/dever/Works/NUC97X_CODIEA/2.MIDKIT/output/include  conftest.c >&5
configure:3739: $? = 0
configure:3752: result: none needed
configure:3774: checking dependency style of arm-linux-gcc
configure:3864: result: gcc3
configure:3885: checking build system type
configure:3899: result: x86_64-unknown-linux-gnu
configure:3919: checking host system type
configure:3932: result: arm-unknown-linux-gnu
configure:3976: checking for ld used by GCC
configure:4040: result: arm-linux-ld
configure:4047: checking if the linker (arm-linux-ld) is GNU ld
configure:4060: result: yes
configure:4067: checking for shared library run path origin
configure:4080: result: done
configure:4517: checking for CFPreferencesCopyAppValue
configure:4535: arm-linux-gcc -o conftest -I/home/dever/Works/NUC97X_CODIEA/2.MIDKIT/output/include  -L/home/dever/Works/NUC97X_CODIEA/2.MIDKIT/output/lib conftest.c  -Wl,-framework -Wl,CoreFoundation >&5
conftest.c:11:42: fatal error: CoreFoundation/CFPreferences.h: No such file or directory
 #include <CoreFoundation/CFPreferences.h>
                                          ^
compilation terminated.
configure:4535: $? = 1
configure: failed program was:
| /* confdefs.h */
| #define PACKAGE_NAME ""
| #define PACKAGE_TARNAME ""
| #define PACKAGE_VERSION ""
| #define PACKAGE_STRING ""
| #define PACKAGE_BUGREPORT ""
| #define PACKAGE_URL ""
| #define PACKAGE "alsa-utils"
| #define VERSION "1.0.23"
| /* end confdefs.h.  */
| #include <CoreFoundation/CFPreferences.h>
| int
| main ()
| {
| CFPreferencesCopyAppValue(NULL, NULL)
|   ;
|   return 0;
| }
configure:4544: result: no
configure:4551: checking for CFLocaleCopyCurrent
configure:4569: arm-linux-gcc -o conftest -I/home/dever/Works/NUC97X_CODIEA/2.MIDKIT/output/include  -L/home/dever/Works/NUC97X_CODIEA/2.MIDKIT/output/lib conftest.c  -Wl,-framework -Wl,CoreFoundation >&5
conftest.c:11:37: fatal error: CoreFoundation/CFLocale.h: No such file or directory
 #include <CoreFoundation/CFLocale.h>
                                     ^
compilation terminated.
configure:4569: $? = 1
configure: failed program was:
| /* confdefs.h */
| #define PACKAGE_NAME ""
| #define PACKAGE_TARNAME ""
| #define PACKAGE_VERSION ""
| #define PACKAGE_STRING ""
| #define PACKAGE_BUGREPORT ""
| #define PACKAGE_URL ""
| #define PACKAGE "alsa-utils"
| #define VERSION "1.0.23"
| /* end confdefs.h.  */
| #include <CoreFoundation/CFLocale.h>
| int
| main ()
| {
| CFLocaleCopyCurrent();
|   ;
|   return 0;
| }
configure:4578: result: no
configure:4607: checking for GNU gettext in libc
configure:4626: arm-linux-gcc -o conftest -I/home/dever/Works/NUC97X_CODIEA/2.MIDKIT/output/include  -L/home/dever/Works/NUC97X_CODIEA/2.MIDKIT/output/lib conftest.c  >&5
/tmp/ccqbFEJm.o: In function `main':
conftest.c:(.text+0x10): undefined reference to `libintl_bindtextdomain'
conftest.c:(.text+0x18): undefined reference to `libintl_gettext'
conftest.c:(.text+0x50): undefined reference to `_nl_msg_cat_cntr'
conftest.c:(.text+0x54): undefined reference to `_nl_domain_bindings'
collect2: error: ld returned 1 exit status
configure:4626: $? = 1
configure: failed program was:
| /* confdefs.h */
| #define PACKAGE_NAME ""
| #define PACKAGE_TARNAME ""
| #define PACKAGE_VERSION ""
| #define PACKAGE_STRING ""
| #define PACKAGE_BUGREPORT ""
| #define PACKAGE_URL ""
| #define PACKAGE "alsa-utils"
| #define VERSION "1.0.23"
| /* end confdefs.h.  */
| #include <libintl.h>
| extern int _nl_msg_cat_cntr;
| extern int *_nl_domain_bindings;
| int
| main ()
| {
| bindtextdomain ("", "");
| return * gettext ("") + _nl_msg_cat_cntr + *_nl_domain_bindings
|   ;
|   return 0;
| }
configure:4634: result: no
configure:4668: checking for iconv
configure:4690: arm-linux-gcc -o conftest -I/home/dever/Works/NUC97X_CODIEA/2.MIDKIT/output/include  -L/home/dever/Works/NUC97X_CODIEA/2.MIDKIT/output/lib conftest.c  >&5
/tmp/cceJA9Rw.o: In function `main':
conftest.c:(.text+0x14): undefined reference to `libiconv_open'
conftest.c:(.text+0x34): undefined reference to `libiconv'
conftest.c:(.text+0x3c): undefined reference to `libiconv_close'
collect2: error: ld returned 1 exit status
configure:4690: $? = 1
configure: failed program was:
| /* confdefs.h */
| #define PACKAGE_NAME ""
| #define PACKAGE_TARNAME ""
| #define PACKAGE_VERSION ""
| #define PACKAGE_STRING ""
| #define PACKAGE_BUGREPORT ""
| #define PACKAGE_URL ""
| #define PACKAGE "alsa-utils"
| #define VERSION "1.0.23"
| /* end confdefs.h.  */
| #include <stdlib.h>
| #include <iconv.h>
| int
| main ()
| {
| iconv_t cd = iconv_open("","");
|        iconv(cd,NULL,NULL,NULL,NULL);
|        iconv_close(cd);
|   ;
|   return 0;
| }
configure:4712: arm-linux-gcc -o conftest -I/home/dever/Works/NUC97X_CODIEA/2.MIDKIT/output/include  -L/home/dever/Works/NUC97X_CODIEA/2.MIDKIT/output/lib conftest.c  -liconv >&5
configure:4712: $? = 0
configure:4722: result: yes
configure:4730: checking how to link with libiconv
configure:4732: result: -liconv
configure:5122: checking for GNU gettext in libintl
configure:5149: arm-linux-gcc -o conftest -I/home/dever/Works/NUC97X_CODIEA/2.MIDKIT/output/include   -L/home/dever/Works/NUC97X_CODIEA/2.MIDKIT/output/lib conftest.c  -lintl >&5
configure:5149: $? = 0
configure:5188: result: yes
configure:5223: checking whether to use NLS
configure:5225: result: yes
configure:5228: checking where the gettext function comes from
configure:5239: result: external libintl
configure:5247: checking how to link with libintl
configure:5249: result: -lintl
configure:5322: checking for arm-linux-gcc
configure:5349: result: arm-linux-gcc
configure:5618: checking for C compiler version
configure:5627: arm-linux-gcc --version >&5
arm-linux-gcc (GCC) 4.8.4
Copyright (C) 2013 Free Software Foundation, Inc.
This is free software; see the source for copying conditions.  There is NO
warranty; not even for MERCHANTABILITY or FITNESS FOR A PARTICULAR PURPOSE.

configure:5638: $? = 0
configure:5627: arm-linux-gcc -v >&5
Using built-in specs.
COLLECT_GCC=arm-linux-gcc
COLLECT_LTO_WRAPPER=/home/dever/Works/NUC97X_CODIEA/0.GCCKIT/arm_linux_4.8/bin/../libexec/gcc/arm-nuvoton-linux-uclibceabi/4.8.4/lto-wrapper
Target: arm-nuvoton-linux-uclibceabi
Configured with: ../configure --prefix=/usr/local/arm_linux_4.8 --target=arm-nuvoton-linux-uclibceabi --enable-static --disable-__cxa_atexit --with-gnu-ld --disable-libssp --disable-multilib --enable-target-optspace --disable-libsanitizer --enable-tls --disable-libmudflap --enable-threads --without-isl --without-cloog --with-float=soft --disable-decimal-float --with-abi=aapcs-linux --with-cpu=arm926ej-s --with-float=soft --with-mode=arm --enable-languages=c,c++ --enable-poison-system-directories --enable-shared --disable-libgomp --with-sysroot=/usr/local/arm_linux_4.8 --with-build-time-tools=/usr/local/arm_linux_4.8/arm-nuvoton-linux-uclibceabi/bin --enable-shared
Thread model: posix
gcc version 4.8.4 (GCC) 
configure:5638: $? = 0
configure:5627: arm-linux-gcc -V >&5
arm-linux-gcc: error: unrecognized command line option '-V'
arm-linux-gcc: fatal error: no input files
compilation terminated.
configure:5638: $? = 1
configure:5627: arm-linux-gcc -qversion >&5
arm-linux-gcc: error: unrecognized command line option '-qversion'
arm-linux-gcc: fatal error: no input files
compilation terminated.
configure:5638: $? = 1
configure:5642: checking whether we are using the GNU C compiler
configure:5670: result: yes
configure:5679: checking whether arm-linux-gcc accepts -g
configure:5740: result: yes
configure:5757: checking for arm-linux-gcc option to accept ISO C89
configure:5833: result: none needed
configure:5855: checking dependency style of arm-linux-gcc
configure:5945: result: gcc3
configure:5963: checking whether ln -s works
configure:5967: result: yes
configure:6005: checking for ALSA CFLAGS
configure:6011: result: 
configure:6014: checking for ALSA LDFLAGS
configure:6023: result:  -lasound -lm -ldl -lpthread
configure:6027: checking for libasound headers version >= 1.0.16
configure:6089: arm-linux-gcc -c -I/home/dever/Works/NUC97X_CODIEA/2.MIDKIT/output/include  conftest.c >&5
configure:6089: $? = 0
configure:6090: result: found.
configure:6108: checking for snd_ctl_open in -lasound
configure:6133: arm-linux-gcc -o conftest -I/home/dever/Works/NUC97X_CODIEA/2.MIDKIT/output/include  -L/home/dever/Works/NUC97X_CODIEA/2.MIDKIT/output/lib conftest.c -lasound   -lasound -lm -ldl -lpthread  >&5
configure:6133: $? = 0
configure:6142: result: yes
configure:6180: checking for alsa/pcm.h
configure:6180: arm-linux-gcc -c -I/home/dever/Works/NUC97X_CODIEA/2.MIDKIT/output/include  conftest.c >&5
configure:6180: $? = 0
configure:6180: result: yes
configure:6195: checking for alsa/mixer.h
configure:6195: arm-linux-gcc -c -I/home/dever/Works/NUC97X_CODIEA/2.MIDKIT/output/include  conftest.c >&5
configure:6195: $? = 0
configure:6195: result: yes
configure:6210: checking for alsa/rawmidi.h
configure:6210: arm-linux-gcc -c -I/home/dever/Works/NUC97X_CODIEA/2.MIDKIT/output/include  conftest.c >&5
configure:6210: $? = 0
configure:6210: result: yes
configure:6225: checking for alsa/seq.h
configure:6225: arm-linux-gcc -c -I/home/dever/Works/NUC97X_CODIEA/2.MIDKIT/output/include  conftest.c >&5
configure:6225: $? = 0
configure:6225: result: yes
configure:6281: checking for librt
configure:6292: checking for clock_gettime in -lrt
configure:6317: arm-linux-gcc -o conftest -I/home/dever/Works/NUC97X_CODIEA/2.MIDKIT/output/include  -L/home/dever/Works/NUC97X_CODIEA/2.MIDKIT/output/lib conftest.c -lrt  -lasound -lm -ldl -lpthread >&5
configure:6317: $? = 0
configure:6326: result: yes
configure:6461: checking how to run the C preprocessor
configure:6492: arm-linux-gcc -E  conftest.c
configure:6492: $? = 0
configure:6506: arm-linux-gcc -E  conftest.c
conftest.c:22:28: fatal error: ac_nonexistent.h: No such file or directory
 #include <ac_nonexistent.h>
                            ^
compilation terminated.
configure:6506: $? = 1
configure: failed program was:
| /* confdefs.h */
| #define PACKAGE_NAME ""
| #define PACKAGE_TARNAME ""
| #define PACKAGE_VERSION ""
| #define PACKAGE_STRING ""
| #define PACKAGE_BUGREPORT ""
| #define PACKAGE_URL ""
| #define PACKAGE "alsa-utils"
| #define VERSION "1.0.23"
| #define HAVE_ICONV 1
| #define ENABLE_NLS 1
| #define HAVE_GETTEXT 1
| #define HAVE_DCGETTEXT 1
| #define HAVE_LIBASOUND 1
| #define HAVE_ALSA_PCM_H 1
| #define HAVE_ALSA_MIXER_H 1
| #define HAVE_ALSA_RAWMIDI_H 1
| #define HAVE_ALSA_SEQ_H 1
| #define HAVE_LIBRT 1
| #define HAVE_CLOCK_GETTIME 1
| /* end confdefs.h.  */
| #include <ac_nonexistent.h>
configure:6531: result: arm-linux-gcc -E
configure:6551: arm-linux-gcc -E  conftest.c
configure:6551: $? = 0
configure:6565: arm-linux-gcc -E  conftest.c
conftest.c:22:28: fatal error: ac_nonexistent.h: No such file or directory
 #include <ac_nonexistent.h>
                            ^
compilation terminated.
configure:6565: $? = 1
configure: failed program was:
| /* confdefs.h */
| #define PACKAGE_NAME ""
| #define PACKAGE_TARNAME ""
| #define PACKAGE_VERSION ""
| #define PACKAGE_STRING ""
| #define PACKAGE_BUGREPORT ""
| #define PACKAGE_URL ""
| #define PACKAGE "alsa-utils"
| #define VERSION "1.0.23"
| #define HAVE_ICONV 1
| #define ENABLE_NLS 1
| #define HAVE_GETTEXT 1
| #define HAVE_DCGETTEXT 1
| #define HAVE_LIBASOUND 1
| #define HAVE_ALSA_PCM_H 1
| #define HAVE_ALSA_MIXER_H 1
| #define HAVE_ALSA_RAWMIDI_H 1
| #define HAVE_ALSA_SEQ_H 1
| #define HAVE_LIBRT 1
| #define HAVE_CLOCK_GETTIME 1
| /* end confdefs.h.  */
| #include <ac_nonexistent.h>
configure:6594: checking for grep that handles long lines and -e
configure:6652: result: /bin/grep
configure:6657: checking for egrep
configure:6719: result: /bin/grep -E
configure:6724: checking for ANSI C header files
configure:6744: arm-linux-gcc -c -I/home/dever/Works/NUC97X_CODIEA/2.MIDKIT/output/include  conftest.c >&5
configure:6744: $? = 0
configure:6828: result: yes
configure:7377: checking for an ANSI C-conforming const
configure:7443: arm-linux-gcc -c -I/home/dever/Works/NUC97X_CODIEA/2.MIDKIT/output/include  conftest.c >&5
configure:7443: $? = 0
configure:7450: result: yes
configure:7458: checking for inline
configure:7474: arm-linux-gcc -c -I/home/dever/Works/NUC97X_CODIEA/2.MIDKIT/output/include  conftest.c >&5
configure:7474: $? = 0
configure:7482: result: inline
configure:7500: checking whether time.h and sys/time.h may both be included
configure:7520: arm-linux-gcc -c -I/home/dever/Works/NUC97X_CODIEA/2.MIDKIT/output/include  conftest.c >&5
configure:7520: $? = 0
configure:7527: result: yes
configure:7537: checking whether arm-linux-gcc needs -traditional
In file included from conftest.c:26:0:
/home/dever/Works/NUC97X_CODIEA/0.GCCKIT/arm_linux_4.8/usr/include/sgtty.h:22:2: warning: #warning useless header on uClibc [-Wcpp]
 #warning useless header on uClibc
  ^
configure:7571: result: no
configure:7586: checking for special C compiler options needed for large files
configure:7631: result: no
configure:7637: checking for _FILE_OFFSET_BITS value needed for large files
configure:7662: arm-linux-gcc -c -I/home/dever/Works/NUC97X_CODIEA/2.MIDKIT/output/include  conftest.c >&5
conftest.c:32:3: warning: left shift count >= width of type [enabled by default]
   int off_t_is_large[(LARGE_OFF_T % 2147483629 == 721
   ^
conftest.c:32:3: warning: left shift count >= width of type [enabled by default]
conftest.c:33:10: warning: left shift count >= width of type [enabled by default]
          && LARGE_OFF_T % 2147483647 == 1)
          ^
conftest.c:33:10: warning: left shift count >= width of type [enabled by default]
conftest.c:32:7: error: variably modified 'off_t_is_large' at file scope
   int off_t_is_large[(LARGE_OFF_T % 2147483629 == 721
       ^
configure:7662: $? = 1
configure: failed program was:
| /* confdefs.h */
| #define PACKAGE_NAME ""
| #define PACKAGE_TARNAME ""
| #define PACKAGE_VERSION ""
| #define PACKAGE_STRING ""
| #define PACKAGE_BUGREPORT ""
| #define PACKAGE_URL ""
| #define PACKAGE "alsa-utils"
| #define VERSION "1.0.23"
| #define HAVE_ICONV 1
| #define ENABLE_NLS 1
| #define HAVE_GETTEXT 1
| #define HAVE_DCGETTEXT 1
| #define HAVE_LIBASOUND 1
| #define HAVE_ALSA_PCM_H 1
| #define HAVE_ALSA_MIXER_H 1
| #define HAVE_ALSA_RAWMIDI_H 1
| #define HAVE_ALSA_SEQ_H 1
| #define HAVE_LIBRT 1
| #define HAVE_CLOCK_GETTIME 1
| #define STDC_HEADERS 1
| #define SOUNDSDIR "/home/dever/Works/NUC97X_CODIEA/2.MIDKIT/output/share/sounds/alsa"
| #define DATADIR "/home/dever/Works/NUC97X_CODIEA/2.MIDKIT/output/share/alsa"
| #define TIME_WITH_SYS_TIME 1
| /* end confdefs.h.  */
| #include <sys/types.h>
|  /* Check that off_t can represent 2**63 - 1 correctly.
|     We can't simply define LARGE_OFF_T to be 9223372036854775807,
|     since some C++ compilers masquerading as C compilers
|     incorrectly reject 9223372036854775807.  */
| #define LARGE_OFF_T (((off_t) 1 << 62) - 1 + ((off_t) 1 << 62))
|   int off_t_is_large[(LARGE_OFF_T % 2147483629 == 721
| 		       && LARGE_OFF_T % 2147483647 == 1)
| 		      ? 1 : -1];
| int
| main ()
| {
| 
|   ;
|   return 0;
| }
configure:7686: arm-linux-gcc -c -I/home/dever/Works/NUC97X_CODIEA/2.MIDKIT/output/include  conftest.c >&5
configure:7686: $? = 0
configure:7694: result: 64
configure:7955: creating ./config.status

## ---------------------- ##
## Running config.status. ##
## ---------------------- ##

This file was extended by config.status, which was
generated by GNU Autoconf 2.69.  Invocation command line was

  CONFIG_FILES    = 
  CONFIG_HEADERS  = 
  CONFIG_LINKS    = 
  CONFIG_COMMANDS = 
  $ ./config.status 

on devpc

config.status:931: creating Makefile
config.status:931: creating alsactl/Makefile
config.status:931: creating alsactl/init/Makefile
config.status:931: creating alsamixer/Makefile
config.status:931: creating amidi/Makefile
config.status:931: creating amixer/Makefile
config.status:931: creating m4/Makefile
config.status:931: creating po/Makefile.in
config.status:931: creating alsaconf/alsaconf
config.status:931: creating alsaconf/Makefile
config.status:931: creating alsaconf/po/Makefile
config.status:1034: WARNING:  'alsaconf/po/Makefile.in' seems to ignore the --datarootdir setting
config.status:931: creating aplay/Makefile
config.status:931: creating include/Makefile
config.status:931: creating iecset/Makefile
config.status:931: creating utils/Makefile
config.status:931: creating utils/alsa-utils.spec
config.status:931: creating seq/Makefile
config.status:931: creating seq/aconnect/Makefile
config.status:931: creating seq/aplaymidi/Makefile
config.status:931: creating seq/aseqdump/Makefile
config.status:931: creating seq/aseqnet/Makefile
config.status:931: creating speaker-test/Makefile
config.status:931: creating speaker-test/samples/Makefile
config.status:931: creating include/aconfig.h
config.status:1106: include/aconfig.h is unchanged
config.status:1153: executing po-directories commands
config.status:1153: executing depfiles commands

## ---------------- ##
## Cache variables. ##
## ---------------- ##

ac_cv_build=x86_64-unknown-linux-gnu
ac_cv_c_compiler_gnu=yes
ac_cv_c_const=yes
ac_cv_c_inline=inline
ac_cv_env_CC_set=set
ac_cv_env_CC_value=arm-linux-gcc
ac_cv_env_CFLAGS_set=set
ac_cv_env_CFLAGS_value=-I/home/dever/Works/NUC97X_CODIEA/2.MIDKIT/output/include
ac_cv_env_CPPFLAGS_set=
ac_cv_env_CPPFLAGS_value=
ac_cv_env_CPP_set=
ac_cv_env_CPP_value=
ac_cv_env_LDFLAGS_set=set
ac_cv_env_LDFLAGS_value=-L/home/dever/Works/NUC97X_CODIEA/2.MIDKIT/output/lib
ac_cv_env_LIBS_set=
ac_cv_env_LIBS_value=
ac_cv_env_build_alias_set=
ac_cv_env_build_alias_value=
ac_cv_env_host_alias_set=set
ac_cv_env_host_alias_value=arm-linux
ac_cv_env_target_alias_set=
ac_cv_env_target_alias_value=
ac_cv_header_alsa_mixer_h=yes
ac_cv_header_alsa_pcm_h=yes
ac_cv_header_alsa_rawmidi_h=yes
ac_cv_header_alsa_seq_h=yes
ac_cv_header_stdc=yes
ac_cv_header_time=yes
ac_cv_host=arm-unknown-linux-gnu
ac_cv_lib_asound_snd_ctl_open=yes
ac_cv_lib_rt_clock_gettime=yes
ac_cv_objext=o
ac_cv_path_EGREP='/bin/grep -E'
ac_cv_path_GMSGFMT=/usr/bin/msgfmt
ac_cv_path_GREP=/bin/grep
ac_cv_path_MSGFMT=/usr/bin/msgfmt
ac_cv_path_MSGMERGE=/usr/bin/msgmerge
ac_cv_path_XGETTEXT=/usr/bin/xgettext
ac_cv_path_install='/usr/bin/install -c'
ac_cv_prog_AWK=gawk
ac_cv_prog_CC=arm-linux-gcc
ac_cv_prog_CPP='arm-linux-gcc -E'
ac_cv_prog_STRIP=arm-linux-strip
ac_cv_prog_cc_c89=
ac_cv_prog_cc_g=yes
ac_cv_prog_gcc_traditional=no
ac_cv_prog_make_make_set=yes
ac_cv_sys_file_offset_bits=64
ac_cv_sys_largefile_CC=no
acl_cv_hardcode_direct=no
acl_cv_hardcode_libdir_flag_spec='${wl}-rpath ${wl}$libdir'
acl_cv_hardcode_libdir_separator=
acl_cv_hardcode_minus_L=no
acl_cv_libext=a
acl_cv_path_LD=arm-linux-ld
acl_cv_prog_gnu_ld=yes
acl_cv_rpath=done
acl_cv_shlibext=so
acl_cv_wl=-Wl,
am_cv_CC_dependencies_compiler_type=gcc3
am_cv_func_iconv=yes
am_cv_lib_iconv=yes
gt_cv_func_CFLocaleCopyCurrent=no
gt_cv_func_CFPreferencesCopyAppValue=no
gt_cv_func_gnugettext1_libc=no
gt_cv_func_gnugettext1_libintl=yes

## ----------------- ##
## Output variables. ##
## ----------------- ##

ACLOCAL='${SHELL} /home/dever/Works/NUC97X_CODIEA/2.MIDKIT/src/alsa-utils-1.0.23/missing --run aclocal-1.9'
ALSACONF_FALSE='#'
ALSACONF_TRUE=''
ALSAMIXER_FALSE=''
ALSAMIXER_TRUE='#'
ALSA_CFLAGS=''
ALSA_LIBS=' -lasound -lm -ldl -lpthread'
AMDEPBACKSLASH='\'
AMDEP_FALSE='#'
AMDEP_TRUE=''
AMTAR='${SHELL} /home/dever/Works/NUC97X_CODIEA/2.MIDKIT/src/alsa-utils-1.0.23/missing --run tar'
AUTOCONF='${SHELL} /home/dever/Works/NUC97X_CODIEA/2.MIDKIT/src/alsa-utils-1.0.23/missing --run autoconf'
AUTOHEADER='${SHELL} /home/dever/Works/NUC97X_CODIEA/2.MIDKIT/src/alsa-utils-1.0.23/missing --run autoheader'
AUTOMAKE='${SHELL} /home/dever/Works/NUC97X_CODIEA/2.MIDKIT/src/alsa-utils-1.0.23/missing --run automake-1.9'
AWK='gawk'
CC='arm-linux-gcc'
CCDEPMODE='depmode=gcc3'
CFLAGS='-I/home/dever/Works/NUC97X_CODIEA/2.MIDKIT/output/include'
CPP='arm-linux-gcc -E'
CPPFLAGS=''
CURSESINC=''
CURSESLIB=''
CURSES_CFLAGS=''
CYGPATH_W='echo'
DEFS='-DHAVE_CONFIG_H'
DEPDIR='.deps'
ECHO_C=''
ECHO_N='-n'
ECHO_T=''
EGREP='/bin/grep -E'
EXEEXT=''
GMSGFMT='/usr/bin/msgfmt'
GMSGFMT_015='/usr/bin/msgfmt'
GREP='/bin/grep'
HAVE_MIXER_FALSE='#'
HAVE_MIXER_TRUE=''
HAVE_PCM_FALSE='#'
HAVE_PCM_TRUE=''
HAVE_RAWMIDI_FALSE='#'
HAVE_RAWMIDI_TRUE=''
HAVE_SEQ_FALSE='#'
HAVE_SEQ_TRUE=''
INSTALL_DATA='${INSTALL} -m 644'
INSTALL_PROGRAM='${INSTALL}'
INSTALL_SCRIPT='${INSTALL}'
INSTALL_STRIP_PROGRAM='${SHELL} $(install_sh) -c -s'
INTLLIBS='-lintl'
INTL_MACOSX_LIBS=''
LDFLAGS='-L/home/dever/Works/NUC97X_CODIEA/2.MIDKIT/output/lib'
LIBICONV='-liconv'
LIBINTL='-lintl'
LIBOBJS=''
LIBRT='-lrt'
LIBS='-lasound -lm -ldl -lpthread'
LN_S='ln -s'
LTLIBICONV='-liconv'
LTLIBINTL='-lintl'
LTLIBOBJS=''
MAKEINFO='${SHELL} /home/dever/Works/NUC97X_CODIEA/2.MIDKIT/src/alsa-utils-1.0.23/missing --run makeinfo'
MSGFMT='/usr/bin/msgfmt'
MSGFMT_015='/usr/bin/msgfmt'
MSGMERGE='/usr/bin/msgmerge'
OBJEXT='o'
PACKAGE='alsa-utils'
PACKAGE_BUGREPORT=''
PACKAGE_NAME=''
PACKAGE_STRING=''
PACKAGE_TARNAME=''
PACKAGE_URL=''
PACKAGE_VERSION=''
PATH_SEPARATOR=':'
POSUB='po'
SET_MAKE=''
SHELL='/bin/bash'
SND_UTIL_MAJOR='1'
SND_UTIL_MINOR='0'
SND_UTIL_SUBMINOR='23'
SND_UTIL_VERSION='1.0.23'
STRIP='arm-linux-strip'
TESTSOUND='/home/dever/Works/NUC97X_CODIEA/2.MIDKIT/output/share/test.wav'
USE_NLS='yes'
USE_XMLTO_FALSE=''
USE_XMLTO_TRUE='#'
VERSION='1.0.23'
XGETTEXT='/usr/bin/xgettext'
XGETTEXT_015='/usr/bin/xgettext'
ac_ct_CC=''
am__fastdepCC_FALSE='#'
am__fastdepCC_TRUE=''
am__include='include'
am__leading_dot='.'
am__quote=''
am__tar='${AMTAR} chof - "$$tardir"'
am__untar='${AMTAR} xf -'
bindir='${exec_prefix}/bin'
build='x86_64-unknown-linux-gnu'
build_alias=''
build_cpu='x86_64'
build_os='linux-gnu'
build_vendor='unknown'
datadir='${datarootdir}'
datarootdir='${prefix}/share'
docdir='${datarootdir}/doc/${PACKAGE}'
dvidir='${docdir}'
exec_prefix='${prefix}'
host='arm-unknown-linux-gnu'
host_alias='arm-linux'
host_cpu='arm'
host_os='linux-gnu'
host_vendor='unknown'
htmldir='${docdir}'
includedir='${prefix}/include'
infodir='${datarootdir}/info'
install_sh='/home/dever/Works/NUC97X_CODIEA/2.MIDKIT/src/alsa-utils-1.0.23/install-sh'
libdir='${exec_prefix}/lib'
libexecdir='${exec_prefix}/libexec'
localedir='${datarootdir}/locale'
localstatedir='${prefix}/var'
mandir='${datarootdir}/man'
mkdir_p='mkdir -p --'
ncurses5_config=''
ncursesw5_config=''
oldincludedir='/usr/include'
pdfdir='${docdir}'
prefix='/home/dever/Works/NUC97X_CODIEA/2.MIDKIT/output'
program_transform_name='s,x,x,'
psdir='${docdir}'
sbindir='${exec_prefix}/sbin'
sharedstatedir='${prefix}/com'
sysconfdir='${prefix}/etc'
target_alias=''
xmlto='no'

## ----------- ##
## confdefs.h. ##
## ----------- ##

/* confdefs.h */
#define PACKAGE_NAME ""
#define PACKAGE_TARNAME ""
#define PACKAGE_VERSION ""
#define PACKAGE_STRING ""
#define PACKAGE_BUGREPORT ""
#define PACKAGE_URL ""
#define PACKAGE "alsa-utils"
#define VERSION "1.0.23"
#define HAVE_ICONV 1
#define ENABLE_NLS 1
#define HAVE_GETTEXT 1
#define HAVE_DCGETTEXT 1
#define HAVE_LIBASOUND 1
#define HAVE_ALSA_PCM_H 1
#define HAVE_ALSA_MIXER_H 1
#define HAVE_ALSA_RAWMIDI_H 1
#define HAVE_ALSA_SEQ_H 1
#define HAVE_LIBRT 1
#define HAVE_CLOCK_GETTIME 1
#define STDC_HEADERS 1
#define SOUNDSDIR "/home/dever/Works/NUC97X_CODIEA/2.MIDKIT/output/share/sounds/alsa"
#define DATADIR "/home/dever/Works/NUC97X_CODIEA/2.MIDKIT/output/share/alsa"
#define TIME_WITH_SYS_TIME 1
#define _FILE_OFFSET_BITS 64
#define VERSION "1.0.23"

configure: exit 0
